#
# A fatal error has been detected by the Java Runtime Environment:
#
#  SIGBUS (0x7) at pc=0x00007fa27a0b6b90, pid=17655, tid=0x00007fa207fff700
#
# JRE version: OpenJDK Runtime Environment (8.0_151-b12) (build 1.8.0_151-8u151-b12-0ubuntu0.16.04.2-b12)
# Java VM: OpenJDK 64-Bit Server VM (25.151-b12 mixed mode linux-amd64 compressed oops)
# Problematic frame:
# V  [libjvm.so+0x78db90]
#
# Failed to write core dump. Core dumps have been disabled. To enable core dumping, try "ulimit -c unlimited" before starting Java again
#
# If you would like to submit a bug report, please visit:
#   http://bugreport.java.com/bugreport/crash.jsp
#

---------------  T H R E A D  ---------------

Current thread (0x00007fa27524d800):  JavaThread "http-nio-8080-exec-4" daemon [_thread_in_vm, id=17707, stack(0x00007fa207eff000,0x00007fa208000000)]

siginfo: si_signo: 7 (SIGBUS), si_code: 2 (BUS_ADRERR), si_addr: 0x00007fa2071f346a

Registers:
RAX=0x00007fa20725c172, RBX=0x00007fa27524d800, RCX=0x00000000e3c258b8, RDX=0xffffffffffff2e62
RSP=0x00007fa207ffb7b8, RBP=0x00007fa207ffb800, RSI=0x00000000e3bbcbb0, RDI=0x00007fa2071f346a
R8 =0x000000000003468a, R9 =0x0000000000000010, R10=0x00007fa264e0e748, R11=0x00007fa27a285b50
R12=0x0000000000068d14, R13=0x0000000000000000, R14=0x00007fa207ffb8d8, R15=0x0000000000000010
RIP=0x00007fa27a0b6b90, EFLAGS=0x0000000000010292, CSGSFS=0x0000000000000033, ERR=0x0000000000000004
  TRAPNO=0x000000000000000e

Top of Stack: (sp=0x00007fa207ffb7b8)
0x00007fa207ffb7b8:   00007fa27a362807 00007fa207ffb940
0x00007fa207ffb7c8:   00007fa2071f346a 00007fa207ffbb80
0x00007fa207ffb7d8:   00007fa260b80f38 0000000000000000
0x00007fa207ffb7e8:   00007fa260b80f38 00007fa207ffb8f8
0x00007fa207ffb7f8:   00007fa27524d800 00007fa207ffb898
0x00007fa207ffb808:   00007fa264e0e774 0000000000068d14
0x00007fa207ffb818:   00007fa27524d800 00007fa27524e600
0x00007fa207ffb828:   00007fa27524e5f8 00007fa207ffb8f0
0x00007fa207ffb838:   00007fa27a0adc89 00007fa20743e120
0x00007fa207ffb848:   00007fa27524d800 00007fa207ffb880
0x00007fa207ffb858:   00007fa207ffb858 0000000000000000
0x00007fa207ffb868:   00007fa207ffb8f8 00007fa260bae328
0x00007fa207ffb878:   0000000000000000 00007fa260b80f38
0x00007fa207ffb888:   0000000000000000 00007fa207ffb8b8
0x00007fa207ffb898:   00007fa207ffb940 00007fa264dfeffd
0x00007fa207ffb8a8:   0000000000000000 00007fa264e08278
0x00007fa207ffb8b8:   0000000000068d14 00007fa207ffb8f0
0x00007fa207ffb8c8:   0000000000000010 00007fa2752a53c0
0x00007fa207ffb8d8:   00000000e3bbcba0 00007fa2071f346a
0x00007fa207ffb8e8:   00007fa207ffbc20 0000000000000000
0x00007fa207ffb8f8:   00000000a5000a50 00007fa207ffb900
0x00007fa207ffb908:   00007fa260c61442 00007fa207ffb9b0
0x00007fa207ffb918:   00007fa260c61cd0 0000000000000000
0x00007fa207ffb928:   00007fa260c61470 00007fa207ffb8b8
0x00007fa207ffb938:   00007fa207ffb970 00007fa207ffb9f8
0x00007fa207ffb948:   00007fa264dfeffd 0000000000068d14
0x00007fa207ffb958:   0000000000000000 0000000000000010
0x00007fa207ffb968:   0000000000000000 0000000000068d14
0x00007fa207ffb978:   0000000000000000 0000000000000000
0x00007fa207ffb988:   0000000000000000 0000000000000010
0x00007fa207ffb998:   00007fa207ffb9f8 00000000e3bbcba0
0x00007fa207ffb9a8:   00007fa2071f346a 00000000e257d268 

Instructions: (pc=0x00007fa27a0b6b90)
0x00007fa27a0b6b70:   08 89 71 08 48 83 c1 04 49 f7 c0 01 00 00 00 74
0x00007fa27a0b6b80:   0a 66 42 8b 74 47 fe 66 89 71 08 c3 0f 1f 40 00
0x00007fa27a0b6b90:   48 8b 74 d0 e8 48 89 74 d1 e8 48 8b 74 d0 f0 48
0x00007fa27a0b6ba0:   89 74 d1 f0 48 8b 74 d0 f8 48 89 74 d1 f8 48 8b 

Register to memory mapping:

RAX=0x00007fa20725c172 is an unknown value
RBX=0x00007fa27524d800 is a thread
RCX=0x00000000e3c258b8 is an oop
