#
# A fatal error has been detected by the Java Runtime Environment:
#
#  SIGBUS (0x7) at pc=0x00007fd41cbfab90, pid=17433, tid=0x00007fd3c2bf9700
#
# JRE version: OpenJDK Runtime Environment (8.0_151-b12) (build 1.8.0_151-8u151-b12-0ubuntu0.16.04.2-b12)
# Java VM: OpenJDK 64-Bit Server VM (25.151-b12 mixed mode linux-amd64 compressed oops)
# Problematic frame:
# V  [libjvm.so+0x78db90]
#
# Failed to write core dump. Core dumps have been disabled. To enable core dumping, try "ulimit -c unlimited" before starting Java again
#
# If you would like to submit a bug report, please visit:
#   http://bugreport.java.com/bugreport/crash.jsp
#

---------------  T H R E A D  ---------------

Current thread (0x00007fd414fe0800):  JavaThread "http-nio-8080-exec-3" daemon [_thread_in_vm, id=17477, stack(0x00007fd3c2af9000,0x00007fd3c2bfa000)]

siginfo: si_signo: 7 (SIGBUS), si_code: 2 (BUS_ADRERR), si_addr: 0x00007fd3c1cec46a

Registers:
RAX=0x00007fd3c1d55172, RBX=0x00007fd414fe0800, RCX=0x00000000e397dc68, RDX=0xffffffffffff2e62
RSP=0x00007fd3c2bf5858, RBP=0x00007fd3c2bf58a0, RSI=0x00000000e3914f60, RDI=0x00007fd3c1cec46a
R8 =0x000000000003468a, R9 =0x0000000000000010, R10=0x00007fd405017748, R11=0x00007fd41cdc9b50
R12=0x0000000000068d14, R13=0x0000000000000000, R14=0x00007fd3c2bf5978, R15=0x0000000000000010
RIP=0x00007fd41cbfab90, EFLAGS=0x0000000000010292, CSGSFS=0x0000000000000033, ERR=0x0000000000000004
  TRAPNO=0x000000000000000e

Top of Stack: (sp=0x00007fd3c2bf5858)
0x00007fd3c2bf5858:   00007fd41cea6807 00007fd3c2bf59e0
0x00007fd3c2bf5868:   00007fd3c1cec46a 00007fd3c2bf5c20
0x00007fd3c2bf5878:   00007fd41945ef38 0000000000000000
0x00007fd3c2bf5888:   00007fd41945ef38 00007fd3c2bf5998
0x00007fd3c2bf5898:   00007fd414fe0800 00007fd3c2bf5938
0x00007fd3c2bf58a8:   00007fd405017774 0000000000068d14
0x00007fd3c2bf58b8:   00007fd414fe0800 00007fd414fe1350
0x00007fd3c2bf58c8:   00007fd414fe1348 00007fd3c2bf5990
0x00007fd3c2bf58d8:   00007fd41cbf1c89 00007fd3c1f28690
0x00007fd3c2bf58e8:   00007fd414fe0800 00007fd3c2bf5920
0x00007fd3c2bf58f8:   00007fd3c2bf58f8 0000000000000000
0x00007fd3c2bf5908:   00007fd3c2bf5998 00007fd41948c328
0x00007fd3c2bf5918:   0000000000000000 00007fd41945ef38
0x00007fd3c2bf5928:   0000000000000000 00007fd3c2bf5958
0x00007fd3c2bf5938:   00007fd3c2bf59e0 00007fd405007ffd
0x00007fd3c2bf5948:   0000000000000000 00007fd405011278
0x00007fd3c2bf5958:   0000000000068d14 00007fd3c2bf5990
0x00007fd3c2bf5968:   0000000000000010 00007fd41503a100
0x00007fd3c2bf5978:   00000000e3914f50 00007fd3c1cec46a
0x00007fd3c2bf5988:   00007fd3c2bf5cc0 0000000000000000
0x00007fd3c2bf5998:   00000000a5000e78 00007fd3c2bf59a0
0x00007fd3c2bf59a8:   00007fd41953f442 00007fd3c2bf5a50
0x00007fd3c2bf59b8:   00007fd41953fcd0 0000000000000000
0x00007fd3c2bf59c8:   00007fd41953f470 00007fd3c2bf5958
0x00007fd3c2bf59d8:   00007fd3c2bf5a10 00007fd3c2bf5a98
0x00007fd3c2bf59e8:   00007fd405007ffd 0000000000068d14
0x00007fd3c2bf59f8:   0000000000000000 0000000000000010
0x00007fd3c2bf5a08:   0000000000000000 0000000000068d14
0x00007fd3c2bf5a18:   0000000000000000 0000000000000000
0x00007fd3c2bf5a28:   0000000000000000 0000000000000010
0x00007fd3c2bf5a38:   00007fd3c2bf5a98 00000000e3914f50
0x00007fd3c2bf5a48:   00007fd3c1cec46a 00000000e22d06e8 

Instructions: (pc=0x00007fd41cbfab90)
0x00007fd41cbfab70:   08 89 71 08 48 83 c1 04 49 f7 c0 01 00 00 00 74
0x00007fd41cbfab80:   0a 66 42 8b 74 47 fe 66 89 71 08 c3 0f 1f 40 00
0x00007fd41cbfab90:   48 8b 74 d0 e8 48 89 74 d1 e8 48 8b 74 d0 f0 48
0x00007fd41cbfaba0:   89 74 d1 f0 48 8b 74 d0 f8 48 89 74 d1 f8 48 8b 

Register to memory mapping:

RAX=0x00007fd3c1d55172 is an unknown value
RBX=0x00007fd414fe0800 is a thread
RCX=0x00000000e397dc68 is an oop
